
kpathsea: Running mktextfm phvr7t
/usr/local/texlive/2019basic/texmf-dist/web2c/mktexnam: Could not map source abbreviation  for phvr7t.
/usr/local/texlive/2019basic/texmf-dist/web2c/mktexnam: Need to update ?
mktextfm: Running mf-nowin -progname=mf \mode:=ljfour; mag:=1; nonstopmode; input phvr7t
This is METAFONT, Version 2.7182818 (TeX Live 2019) (preloaded base=mf)

kpathsea: Running mktexmf phvr7t

! I can't find file `phvr7t'.
<*> ...:=ljfour; mag:=1; nonstopmode; input phvr7t
                                                  
Please type another input file name
! Emergency stop.
<*> ...:=ljfour; mag:=1; nonstopmode; input phvr7t
                                                  
Transcript written on mfput.log.
grep: phvr7t.log: No such file or directory
mktextfm: `mf-nowin -progname=mf \mode:=ljfour; mag:=1; nonstopmode; input phvr7t' failed to make phvr7t.tfm.
kpathsea: Appending font creation commands to missfont.log.

kpathsea: Running mktextfm phvr7t
/usr/local/texlive/2019basic/texmf-dist/web2c/mktexnam: Could not map source abbreviation  for phvr7t.
/usr/local/texlive/2019basic/texmf-dist/web2c/mktexnam: Need to update ?
mktextfm: Running mf-nowin -progname=mf \mode:=ljfour; mag:=1; nonstopmode; input phvr7t
This is METAFONT, Version 2.7182818 (TeX Live 2019) (preloaded base=mf)

kpathsea: Running mktexmf phvr7t

! I can't find file `phvr7t'.
<*> ...:=ljfour; mag:=1; nonstopmode; input phvr7t
                                                  
Please type another input file name
! Emergency stop.
<*> ...:=ljfour; mag:=1; nonstopmode; input phvr7t
                                                  
Transcript written on mfput.log.
grep: phvr7t.log: No such file or directory
mktextfm: `mf-nowin -progname=mf \mode:=ljfour; mag:=1; nonstopmode; input phvr7t' failed to make phvr7t.tfm.

kpathsea: Running mktextfm phvb7t
/usr/local/texlive/2019basic/texmf-dist/web2c/mktexnam: Could not map source abbreviation  for phvb7t.
/usr/local/texlive/2019basic/texmf-dist/web2c/mktexnam: Need to update ?
mktextfm: Running mf-nowin -progname=mf \mode:=ljfour; mag:=1; nonstopmode; input phvb7t
This is METAFONT, Version 2.7182818 (TeX Live 2019) (preloaded base=mf)

kpathsea: Running mktexmf phvb7t

! I can't find file `phvb7t'.
<*> ...:=ljfour; mag:=1; nonstopmode; input phvb7t
                                                  
Please type another input file name
! Emergency stop.
<*> ...:=ljfour; mag:=1; nonstopmode; input phvb7t
                                                  
Transcript written on mfput.log.
grep: phvb7t.log: No such file or directory
mktextfm: `mf-nowin -progname=mf \mode:=ljfour; mag:=1; nonstopmode; input phvb7t' failed to make phvb7t.tfm.

kpathsea: Running mktextfm nullfont
/usr/local/texlive/2019basic/texmf-dist/web2c/mktexnam: Could not map source abbreviation  for nullfont.
/usr/local/texlive/2019basic/texmf-dist/web2c/mktexnam: Need to update ?
mktextfm: Running mf-nowin -progname=mf \mode:=ljfour; mag:=1; nonstopmode; input nullfont
This is METAFONT, Version 2.7182818 (TeX Live 2019) (preloaded base=mf)

kpathsea: Running mktexmf nullfont

! I can't find file `nullfont'.
<*> ...ljfour; mag:=1; nonstopmode; input nullfont
                                                  
Please type another input file name
! Emergency stop.
<*> ...ljfour; mag:=1; nonstopmode; input nullfont
                                                  
Transcript written on mfput.log.
grep: nullfont.log: No such file or directory
mktextfm: `mf-nowin -progname=mf \mode:=ljfour; mag:=1; nonstopmode; input nullfont' failed to make nullfont.tfm.

kpathsea: Running mktextfm phvr7t
/usr/local/texlive/2019basic/texmf-dist/web2c/mktexnam: Could not map source abbreviation  for phvr7t.
/usr/local/texlive/2019basic/texmf-dist/web2c/mktexnam: Need to update ?
mktextfm: Running mf-nowin -progname=mf \mode:=ljfour; mag:=1; nonstopmode; input phvr7t
This is METAFONT, Version 2.7182818 (TeX Live 2019) (preloaded base=mf)

kpathsea: Running mktexmf phvr7t

! I can't find file `phvr7t'.
<*> ...:=ljfour; mag:=1; nonstopmode; input phvr7t
                                                  
Please type another input file name
! Emergency stop.
<*> ...:=ljfour; mag:=1; nonstopmode; input phvr7t
                                                  
Transcript written on mfput.log.
grep: phvr7t.log: No such file or directory
mktextfm: `mf-nowin -progname=mf \mode:=ljfour; mag:=1; nonstopmode; input phvr7t' failed to make phvr7t.tfm.

kpathsea: Running mktextfm phvr7t
/usr/local/texlive/2019basic/texmf-dist/web2c/mktexnam: Could not map source abbreviation  for phvr7t.
/usr/local/texlive/2019basic/texmf-dist/web2c/mktexnam: Need to update ?
mktextfm: Running mf-nowin -progname=mf \mode:=ljfour; mag:=1; nonstopmode; input phvr7t
This is METAFONT, Version 2.7182818 (TeX Live 2019) (preloaded base=mf)

kpathsea: Running mktexmf phvr7t

! I can't find file `phvr7t'.
<*> ...:=ljfour; mag:=1; nonstopmode; input phvr7t
                                                  
Please type another input file name
! Emergency stop.
<*> ...:=ljfour; mag:=1; nonstopmode; input phvr7t
                                                  
Transcript written on mfput.log.
grep: phvr7t.log: No such file or directory
mktextfm: `mf-nowin -progname=mf \mode:=ljfour; mag:=1; nonstopmode; input phvr7t' failed to make phvr7t.tfm.

kpathsea: Running mktextfm phvb7t
/usr/local/texlive/2019basic/texmf-dist/web2c/mktexnam: Could not map source abbreviation  for phvb7t.
/usr/local/texlive/2019basic/texmf-dist/web2c/mktexnam: Need to update ?
mktextfm: Running mf-nowin -progname=mf \mode:=ljfour; mag:=1; nonstopmode; input phvb7t
This is METAFONT, Version 2.7182818 (TeX Live 2019) (preloaded base=mf)

kpathsea: Running mktexmf phvb7t

! I can't find file `phvb7t'.
<*> ...:=ljfour; mag:=1; nonstopmode; input phvb7t
                                                  
Please type another input file name
! Emergency stop.
<*> ...:=ljfour; mag:=1; nonstopmode; input phvb7t
                                                  
Transcript written on mfput.log.
grep: phvb7t.log: No such file or directory
mktextfm: `mf-nowin -progname=mf \mode:=ljfour; mag:=1; nonstopmode; input phvb7t' failed to make phvb7t.tfm.

kpathsea: Running mktextfm nullfont
/usr/local/texlive/2019basic/texmf-dist/web2c/mktexnam: Could not map source abbreviation  for nullfont.
/usr/local/texlive/2019basic/texmf-dist/web2c/mktexnam: Need to update ?
mktextfm: Running mf-nowin -progname=mf \mode:=ljfour; mag:=1; nonstopmode; input nullfont
This is METAFONT, Version 2.7182818 (TeX Live 2019) (preloaded base=mf)

kpathsea: Running mktexmf nullfont

! I can't find file `nullfont'.
<*> ...ljfour; mag:=1; nonstopmode; input nullfont
                                                  
Please type another input file name
! Emergency stop.
<*> ...ljfour; mag:=1; nonstopmode; input nullfont
                                                  
Transcript written on mfput.log.
grep: nullfont.log: No such file or directory
mktextfm: `mf-nowin -progname=mf \mode:=ljfour; mag:=1; nonstopmode; input nullfont' failed to make nullfont.tfm.

kpathsea: Running mktextfm phvb7t
/usr/local/texlive/2019basic/texmf-dist/web2c/mktexnam: Could not map source abbreviation  for phvb7t.
/usr/local/texlive/2019basic/texmf-dist/web2c/mktexnam: Need to update ?
mktextfm: Running mf-nowin -progname=mf \mode:=ljfour; mag:=1; nonstopmode; input phvb7t
This is METAFONT, Version 2.7182818 (TeX Live 2019) (preloaded base=mf)

kpathsea: Running mktexmf phvb7t

! I can't find file `phvb7t'.
<*> ...:=ljfour; mag:=1; nonstopmode; input phvb7t
                                                  
Please type another input file name
! Emergency stop.
<*> ...:=ljfour; mag:=1; nonstopmode; input phvb7t
                                                  
Transcript written on mfput.log.
grep: phvb7t.log: No such file or directory
mktextfm: `mf-nowin -progname=mf \mode:=ljfour; mag:=1; nonstopmode; input phvb7t' failed to make phvb7t.tfm.

kpathsea: Running mktextfm nullfont
/usr/local/texlive/2019basic/texmf-dist/web2c/mktexnam: Could not map source abbreviation  for nullfont.
/usr/local/texlive/2019basic/texmf-dist/web2c/mktexnam: Need to update ?
mktextfm: Running mf-nowin -progname=mf \mode:=ljfour; mag:=1; nonstopmode; input nullfont
This is METAFONT, Version 2.7182818 (TeX Live 2019) (preloaded base=mf)

kpathsea: Running mktexmf nullfont

! I can't find file `nullfont'.
<*> ...ljfour; mag:=1; nonstopmode; input nullfont
                                                  
Please type another input file name
! Emergency stop.
<*> ...ljfour; mag:=1; nonstopmode; input nullfont
                                                  
Transcript written on mfput.log.
grep: nullfont.log: No such file or directory
mktextfm: `mf-nowin -progname=mf \mode:=ljfour; mag:=1; nonstopmode; input nullfont' failed to make nullfont.tfm.

kpathsea: Running mktextfm pcrr7t
/usr/local/texlive/2019basic/texmf-dist/web2c/mktexnam: Could not map source abbreviation  for pcrr7t.
/usr/local/texlive/2019basic/texmf-dist/web2c/mktexnam: Need to update ?
mktextfm: Running mf-nowin -progname=mf \mode:=ljfour; mag:=1; nonstopmode; input pcrr7t
This is METAFONT, Version 2.7182818 (TeX Live 2019) (preloaded base=mf)

kpathsea: Running mktexmf pcrr7t

! I can't find file `pcrr7t'.
<*> ...:=ljfour; mag:=1; nonstopmode; input pcrr7t
                                                  
Please type another input file name
! Emergency stop.
<*> ...:=ljfour; mag:=1; nonstopmode; input pcrr7t
                                                  
Transcript written on mfput.log.
grep: pcrr7t.log: No such file or directory
mktextfm: `mf-nowin -progname=mf \mode:=ljfour; mag:=1; nonstopmode; input pcrr7t' failed to make pcrr7t.tfm.

kpathsea: Running mktextfm phvr7t
/usr/local/texlive/2019basic/texmf-dist/web2c/mktexnam: Could not map source abbreviation  for phvr7t.
/usr/local/texlive/2019basic/texmf-dist/web2c/mktexnam: Need to update ?
mktextfm: Running mf-nowin -progname=mf \mode:=ljfour; mag:=1; nonstopmode; input phvr7t
This is METAFONT, Version 2.7182818 (TeX Live 2019) (preloaded base=mf)

kpathsea: Running mktexmf phvr7t

! I can't find file `phvr7t'.
<*> ...:=ljfour; mag:=1; nonstopmode; input phvr7t
                                                  
Please type another input file name
! Emergency stop.
<*> ...:=ljfour; mag:=1; nonstopmode; input phvr7t
                                                  
Transcript written on mfput.log.
grep: phvr7t.log: No such file or directory
mktextfm: `mf-nowin -progname=mf \mode:=ljfour; mag:=1; nonstopmode; input phvr7t' failed to make phvr7t.tfm.

kpathsea: Running mktextfm phvb7t
/usr/local/texlive/2019basic/texmf-dist/web2c/mktexnam: Could not map source abbreviation  for phvb7t.
/usr/local/texlive/2019basic/texmf-dist/web2c/mktexnam: Need to update ?
mktextfm: Running mf-nowin -progname=mf \mode:=ljfour; mag:=1; nonstopmode; input phvb7t
This is METAFONT, Version 2.7182818 (TeX Live 2019) (preloaded base=mf)

kpathsea: Running mktexmf phvb7t

! I can't find file `phvb7t'.
<*> ...:=ljfour; mag:=1; nonstopmode; input phvb7t
                                                  
Please type another input file name
! Emergency stop.
<*> ...:=ljfour; mag:=1; nonstopmode; input phvb7t
                                                  
Transcript written on mfput.log.
grep: phvb7t.log: No such file or directory
mktextfm: `mf-nowin -progname=mf \mode:=ljfour; mag:=1; nonstopmode; input phvb7t' failed to make phvb7t.tfm.

kpathsea: Running mktextfm nullfont
/usr/local/texlive/2019basic/texmf-dist/web2c/mktexnam: Could not map source abbreviation  for nullfont.
/usr/local/texlive/2019basic/texmf-dist/web2c/mktexnam: Need to update ?
mktextfm: Running mf-nowin -progname=mf \mode:=ljfour; mag:=1; nonstopmode; input nullfont
This is METAFONT, Version 2.7182818 (TeX Live 2019) (preloaded base=mf)

kpathsea: Running mktexmf nullfont

! I can't find file `nullfont'.
<*> ...ljfour; mag:=1; nonstopmode; input nullfont
                                                  
Please type another input file name
! Emergency stop.
<*> ...ljfour; mag:=1; nonstopmode; input nullfont
                                                  
Transcript written on mfput.log.
grep: nullfont.log: No such file or directory
mktextfm: `mf-nowin -progname=mf \mode:=ljfour; mag:=1; nonstopmode; input nullfont' failed to make nullfont.tfm.

kpathsea: Running mktextfm pcrr7t
/usr/local/texlive/2019basic/texmf-dist/web2c/mktexnam: Could not map source abbreviation  for pcrr7t.
/usr/local/texlive/2019basic/texmf-dist/web2c/mktexnam: Need to update ?
mktextfm: Running mf-nowin -progname=mf \mode:=ljfour; mag:=1; nonstopmode; input pcrr7t
This is METAFONT, Version 2.7182818 (TeX Live 2019) (preloaded base=mf)

kpathsea: Running mktexmf pcrr7t

! I can't find file `pcrr7t'.
<*> ...:=ljfour; mag:=1; nonstopmode; input pcrr7t
                                                  
Please type another input file name
! Emergency stop.
<*> ...:=ljfour; mag:=1; nonstopmode; input pcrr7t
                                                  
Transcript written on mfput.log.
grep: pcrr7t.log: No such file or directory
mktextfm: `mf-nowin -progname=mf \mode:=ljfour; mag:=1; nonstopmode; input pcrr7t' failed to make pcrr7t.tfm.

kpathsea: Running mktextfm phvb7t
/usr/local/texlive/2019basic/texmf-dist/web2c/mktexnam: Could not map source abbreviation  for phvb7t.
/usr/local/texlive/2019basic/texmf-dist/web2c/mktexnam: Need to update ?
mktextfm: Running mf-nowin -progname=mf \mode:=ljfour; mag:=1; nonstopmode; input phvb7t
This is METAFONT, Version 2.7182818 (TeX Live 2019) (preloaded base=mf)

kpathsea: Running mktexmf phvb7t

! I can't find file `phvb7t'.
<*> ...:=ljfour; mag:=1; nonstopmode; input phvb7t
                                                  
Please type another input file name
! Emergency stop.
<*> ...:=ljfour; mag:=1; nonstopmode; input phvb7t
                                                  
Transcript written on mfput.log.
grep: phvb7t.log: No such file or directory
mktextfm: `mf-nowin -progname=mf \mode:=ljfour; mag:=1; nonstopmode; input phvb7t' failed to make phvb7t.tfm.

kpathsea: Running mktextfm nullfont
/usr/local/texlive/2019basic/texmf-dist/web2c/mktexnam: Could not map source abbreviation  for nullfont.
/usr/local/texlive/2019basic/texmf-dist/web2c/mktexnam: Need to update ?
mktextfm: Running mf-nowin -progname=mf \mode:=ljfour; mag:=1; nonstopmode; input nullfont
This is METAFONT, Version 2.7182818 (TeX Live 2019) (preloaded base=mf)

kpathsea: Running mktexmf nullfont

! I can't find file `nullfont'.
<*> ...ljfour; mag:=1; nonstopmode; input nullfont
                                                  
Please type another input file name
! Emergency stop.
<*> ...ljfour; mag:=1; nonstopmode; input nullfont
                                                  
Transcript written on mfput.log.
grep: nullfont.log: No such file or directory
mktextfm: `mf-nowin -progname=mf \mode:=ljfour; mag:=1; nonstopmode; input nullfont' failed to make nullfont.tfm.

kpathsea: Running mktextfm phvb7t
/usr/local/texlive/2019basic/texmf-dist/web2c/mktexnam: Could not map source abbreviation  for phvb7t.
/usr/local/texlive/2019basic/texmf-dist/web2c/mktexnam: Need to update ?
mktextfm: Running mf-nowin -progname=mf \mode:=ljfour; mag:=1; nonstopmode; input phvb7t
This is METAFONT, Version 2.7182818 (TeX Live 2019) (preloaded base=mf)

kpathsea: Running mktexmf phvb7t

! I can't find file `phvb7t'.
<*> ...:=ljfour; mag:=1; nonstopmode; input phvb7t
                                                  
Please type another input file name
! Emergency stop.
<*> ...:=ljfour; mag:=1; nonstopmode; input phvb7t
                                                  
Transcript written on mfput.log.
grep: phvb7t.log: No such file or directory
mktextfm: `mf-nowin -progname=mf \mode:=ljfour; mag:=1; nonstopmode; input phvb7t' failed to make phvb7t.tfm.

kpathsea: Running mktextfm nullfont
/usr/local/texlive/2019basic/texmf-dist/web2c/mktexnam: Could not map source abbreviation  for nullfont.
/usr/local/texlive/2019basic/texmf-dist/web2c/mktexnam: Need to update ?
mktextfm: Running mf-nowin -progname=mf \mode:=ljfour; mag:=1; nonstopmode; input nullfont
This is METAFONT, Version 2.7182818 (TeX Live 2019) (preloaded base=mf)

kpathsea: Running mktexmf nullfont

! I can't find file `nullfont'.
<*> ...ljfour; mag:=1; nonstopmode; input nullfont
                                                  
Please type another input file name
! Emergency stop.
<*> ...ljfour; mag:=1; nonstopmode; input nullfont
                                                  
Transcript written on mfput.log.
grep: nullfont.log: No such file or directory
mktextfm: `mf-nowin -progname=mf \mode:=ljfour; mag:=1; nonstopmode; input nullfont' failed to make nullfont.tfm.

kpathsea: Running mktextfm pcrr7t
/usr/local/texlive/2019basic/texmf-dist/web2c/mktexnam: Could not map source abbreviation  for pcrr7t.
/usr/local/texlive/2019basic/texmf-dist/web2c/mktexnam: Need to update ?
mktextfm: Running mf-nowin -progname=mf \mode:=ljfour; mag:=1; nonstopmode; input pcrr7t
This is METAFONT, Version 2.7182818 (TeX Live 2019) (preloaded base=mf)

kpathsea: Running mktexmf pcrr7t

! I can't find file `pcrr7t'.
<*> ...:=ljfour; mag:=1; nonstopmode; input pcrr7t
                                                  
Please type another input file name
! Emergency stop.
<*> ...:=ljfour; mag:=1; nonstopmode; input pcrr7t
                                                  
Transcript written on mfput.log.
grep: pcrr7t.log: No such file or directory
mktextfm: `mf-nowin -progname=mf \mode:=ljfour; mag:=1; nonstopmode; input pcrr7t' failed to make pcrr7t.tfm.

kpathsea: Running mktextfm pcrr7t
/usr/local/texlive/2019basic/texmf-dist/web2c/mktexnam: Could not map source abbreviation  for pcrr7t.
/usr/local/texlive/2019basic/texmf-dist/web2c/mktexnam: Need to update ?
mktextfm: Running mf-nowin -progname=mf \mode:=ljfour; mag:=1; nonstopmode; input pcrr7t
This is METAFONT, Version 2.7182818 (TeX Live 2019) (preloaded base=mf)

kpathsea: Running mktexmf pcrr7t

! I can't find file `pcrr7t'.
<*> ...:=ljfour; mag:=1; nonstopmode; input pcrr7t
                                                  
Please type another input file name
! Emergency stop.
<*> ...:=ljfour; mag:=1; nonstopmode; input pcrr7t
                                                  
Transcript written on mfput.log.
grep: pcrr7t.log: No such file or directory
mktextfm: `mf-nowin -progname=mf \mode:=ljfour; mag:=1; nonstopmode; input pcrr7t' failed to make pcrr7t.tfm.
